# Daily activity log — auto-updated by GitHub Actions
# Used to keep profile repo active and track daily updates.

2026-07-12 — Initial activity log created.
2026-07-12 13:36:25 UTC — Daily profile activity update
2026-07-12 19:42:10 UTC — Daily profile activity update #1 of 8
2026-07-12 19:42:10 UTC — Daily profile activity update #2 of 8
2026-07-12 19:42:10 UTC — Daily profile activity update #3 of 8
2026-07-12 19:42:10 UTC — Daily profile activity update #4 of 8
2026-07-12 19:42:10 UTC — Daily profile activity update #5 of 8
2026-07-12 19:42:10 UTC — Daily profile activity update #6 of 8
2026-07-12 19:42:10 UTC — Daily profile activity update #7 of 8
2026-07-12 19:42:10 UTC — Daily profile activity update #8 of 8
2026-07-13 20:00:44 UTC — Daily profile activity update #1 of 4
2026-07-13 20:00:44 UTC — Daily profile activity update #2 of 4
2026-07-13 20:00:44 UTC — Daily profile activity update #3 of 4
2026-07-13 20:00:44 UTC — Daily profile activity update #4 of 4
2026-07-14 19:52:23 UTC — Daily profile activity update #1 of 10
2026-07-14 19:52:23 UTC — Daily profile activity update #2 of 10
2026-07-14 19:52:23 UTC — Daily profile activity update #3 of 10
2026-07-14 19:52:23 UTC — Daily profile activity update #4 of 10
2026-07-14 19:52:23 UTC — Daily profile activity update #5 of 10
2026-07-14 19:52:23 UTC — Daily profile activity update #6 of 10
2026-07-14 19:52:23 UTC — Daily profile activity update #7 of 10
2026-07-14 19:52:23 UTC — Daily profile activity update #8 of 10
2026-07-14 19:52:23 UTC — Daily profile activity update #9 of 10
2026-07-14 19:52:23 UTC — Daily profile activity update #10 of 10
2026-07-15 19:47:05 UTC — Daily profile activity update #1 of 6
2026-07-15 19:47:05 UTC — Daily profile activity update #2 of 6
2026-07-15 19:47:05 UTC — Daily profile activity update #3 of 6
2026-07-15 19:47:05 UTC — Daily profile activity update #4 of 6
2026-07-15 19:47:05 UTC — Daily profile activity update #5 of 6
2026-07-15 19:47:05 UTC — Daily profile activity update #6 of 6
2026-07-16 19:43:22 UTC — Daily profile activity update #1 of 5
2026-07-16 19:43:22 UTC — Daily profile activity update #2 of 5
2026-07-16 19:43:22 UTC — Daily profile activity update #3 of 5
2026-07-16 19:43:22 UTC — Daily profile activity update #4 of 5
2026-07-16 19:43:22 UTC — Daily profile activity update #5 of 5
2026-07-17 19:41:23 UTC — Daily profile activity update #1 of 1
2026-07-18 19:44:50 UTC — Daily profile activity update #1 of 5
2026-07-18 19:44:50 UTC — Daily profile activity update #2 of 5
2026-07-18 19:44:50 UTC — Daily profile activity update #3 of 5
2026-07-18 19:44:50 UTC — Daily profile activity update #4 of 5
2026-07-18 19:44:50 UTC — Daily profile activity update #5 of 5
